Ôû▓ Next.js 16.2.0 (Turbopack)

  Creating an optimized production build ...
Ô£ô Compiled successfully in 3.7s
  Running TypeScript ...
Failed to type check.

.next/types/validator.ts:162:31
Type error: Type 'typeof import("X:/feric/Documents/Meus Programas que Criei/mindspace/app/api/prompts/[id]/route")' does not satisfy the constraint 'RouteHandlerConfig<"/api/prompts/[id]">'.
  Types of property 'GET' are incompatible.
    Type '(req: NextRequest, { params }: { params: { id: string; }; }) => Promise<NextResponse<{ error: string; }> | NextResponse<{ prompt: { category: { userId: string; createdAt: Date; ... 5 more ...; color: string; } | null; tags: ({ ...; } & { ...; })[]; } & { ...; }; }>>' is not assignable to type '(request: NextRequest, context: { params: Promise<{ id: string; }>; }) => void | Response | Promise<void | Response>'.
      Types of parameters '__1' and 'context' are incompatible.
        Type '{ params: Promise<{ id: string; }>; }' is not assignable to type '{ params: { id: string; }; }'.
          Types of property 'params' are incompatible.
            Property 'id' is missing in type 'Promise<{ id: string; }>' but required in type '{ id: string; }'.

  160 |   type __IsExpected<Specific extends RouteHandlerConfig<"/api/prompts/[id]">> = Specific
  161 |   const handler = {} as typeof import("../../app/api/prompts/[id]/route.js")
> 162 |   type __Check = __IsExpected<typeof handler>
      |                               ^
  163 |   // @ts-ignore
  164 |   type __Unused = __Check
  165 | }
Next.js build worker exited with code: 1 and signal: null
